<?xml version="1.0" encoding="UTF-8"?>
<!-- Generated by org.testng.reporters.JUnitReportReporter -->
<testsuite hostname="LAPTOP-G0K08KG2" failures="0" tests="1" name="com.akbar.testCases.AkbarTestsFlight" time="36.933" errors="0" timestamp="13 Sep 2020 13:12:28 GMT">
  <testcase classname="com.akbar.testCases.AkbarTestsFlight" name="flights" time="36.933"/>
</testsuite> <!-- com.akbar.testCases.AkbarTestsFlight -->
