<?xml version="1.0" encoding="UTF-8"?>
<!-- Generated by org.testng.reporters.JUnitReportReporter -->
<testsuite hostname="LAPTOP-G0K08KG2" failures="0" tests="1" name="com.akbar.testCases.AkbarTestHotel" time="24.490" errors="0" timestamp="2021-02-13T22:02:22 IST" skipped="0">
  <testcase classname="com.akbar.testCases.AkbarTestHotel" name="hotel" time="24.490"/>
  <system-out/>
</testsuite> <!-- com.akbar.testCases.AkbarTestHotel -->
