<?xml version="1.0" encoding="UTF-8"?>
<!-- Generated by org.testng.reporters.JUnitReportReporter -->
<testsuite hostname="LAPTOP-G0K08KG2" failures="0" tests="1" name="com.akbar.testCases.AkbarTestHotel" time="36.156" errors="0" timestamp="28 Jun 2020 19:29:44 GMT">
  <testcase classname="com.akbar.testCases.AkbarTestHotel" name="hotel" time="36.156"/>
</testsuite> <!-- com.akbar.testCases.AkbarTestHotel -->
