<?xml version="1.0" encoding="UTF-8"?>
<!-- Generated by org.testng.reporters.JUnitReportReporter -->
<testsuite hostname="LAPTOP-G0K08KG2" failures="0" tests="1" name="com.akbar.testCases.AkbarTestVerifyRegisterName" time="4.211" errors="0" timestamp="2021-02-13T22:02:22 IST" skipped="0">
  <testcase classname="com.akbar.testCases.AkbarTestVerifyRegisterName" name="VerifyRegisterName" time="4.211"/>
  <system-out/>
</testsuite> <!-- com.akbar.testCases.AkbarTestVerifyRegisterName -->
