<?xml version="1.0" encoding="UTF-8"?>
<!-- Generated by org.testng.reporters.JUnitReportReporter -->
<testsuite hostname="LAPTOP-G0K08KG2" failures="0" tests="1" name="com.akbar.testCases.AkbarTestVerifyRegisterName" time="12.309" errors="0" timestamp="26 Jun 2020 13:32:48 GMT">
  <testcase classname="com.akbar.testCases.AkbarTestVerifyRegisterName" name="VerifyRegisterName" time="12.309"/>
</testsuite> <!-- com.akbar.testCases.AkbarTestVerifyRegisterName -->
